tool_refract.adb:16:06: (style) bad indentation [-gnaty0]
tool_refract.adb:20:09: (style) bad indentation [-gnaty0]
tool_refract.adb:21:09: (style) bad indentation [-gnaty0]
tool_refract.adb:22:09: (style) bad indentation [-gnaty0]
tool_refract.adb:23:06: (style) bad indentation [-gnaty0]
tool_refract.adb:24:09: (style) bad indentation [-gnaty0]
tool_refract.adb:25:12: (style) bad indentation [-gnaty0]
tool_refract.adb:26:09: (style) bad indentation [-gnaty0]
tool_refract.adb:28:09: (style) bad indentation [-gnaty0]
tool_refract.adb:31:09: (style) bad indentation [-gnaty0]
tool_refract.adb:32:12: (style) bad indentation [-gnaty0]
tool_refract.adb:33:09: (style) bad indentation [-gnaty0]
tool_refract.adb:35:09: (style) bad indentation [-gnaty0]
tool_refract.adb:36:12: (style) bad indentation [-gnaty0]
tool_refract.adb:37:09: (style) bad indentation [-gnaty0]
tool_refract.adb:39:09: (style) bad indentation [-gnaty0]
tool_refract.adb:41:09: (style) bad indentation [-gnaty0]
tool_refract.adb:42:12: (style) bad indentation [-gnaty0]
tool_refract.adb:43:09: (style) bad indentation [-gnaty0]
tool_refract.adb:45:09: (style) bad indentation [-gnaty0]
tool_refract.adb:46:06: (style) bad indentation [-gnaty0]
tool_refract.adb:48:05: (style) bad indentation [-gnaty0]
tool_refract.adb:52:08: (style) bad indentation [-gnaty0]
tool_refract.adb:53:08: (style) bad indentation [-gnaty0]
tool_refract.adb:54:53: (style) space required [-gnatyt]
tool_refract.adb:56:08: (style) bad indentation [-gnaty0]
tool_refract.adb:57:21: (style) space required [-gnatyt]
tool_refract.adb:58:08: (style) bad indentation [-gnaty0]
tool_refract.adb:59:08: (style) bad indentation [-gnaty0]
tool_refract.adb:60:05: (style) bad indentation [-gnaty0]
tool_refract.adb:61:08: (style) bad indentation [-gnaty0]
tool_refract.adb:62:08: (style) bad indentation [-gnaty0]
tool_refract.adb:63:08: (style) bad indentation [-gnaty0]
tool_refract.adb:65:08: (style) bad indentation [-gnaty0]
tool_refract.adb:66:11: (style) bad indentation [-gnaty0]
tool_refract.adb:67:11: (style) bad indentation [-gnaty0]
tool_refract.adb:68:11: (style) bad indentation [-gnaty0]
tool_refract.adb:70:11: (style) bad indentation [-gnaty0]
tool_refract.adb:71:11: (style) bad indentation [-gnaty0]
tool_refract.adb:72:08: (style) bad indentation [-gnaty0]
tool_refract.adb:74:08: (style) bad indentation [-gnaty0]
tool_refract.adb:76:08: (style) bad indentation [-gnaty0]
tool_refract.adb:80:05: (style) bad indentation [-gnaty0]
tool_refract.ads:20:28: (style) space required [-gnatyt]
tool_refract.ads:22:05: (style) bad indentation [-gnaty0]
tool_refract.ads:32:63: (style) space required [-gnatyt]
tool_refract.ads:35:05: (style) bad indentation [-gnaty0]
tool_refract.ads:43:25: (style) space required [-gnatyt]
tool_refract.ads:44:80: (style) this line is too long: 95 [-gnatyM]
