tool_flow.adb:15:05: (style) bad indentation [-gnaty0]
tool_flow.adb:19:05: (style) bad indentation [-gnaty0]
tool_flow.adb:20:08: (style) bad indentation [-gnaty0]
tool_flow.adb:21:11: (style) bad indentation [-gnaty0]
tool_flow.adb:22:08: (style) bad indentation [-gnaty0]
tool_flow.adb:24:08: (style) bad indentation [-gnaty0]
tool_flow.adb:25:11: (style) bad indentation [-gnaty0]
tool_flow.adb:26:08: (style) bad indentation [-gnaty0]
tool_flow.adb:28:08: (style) bad indentation [-gnaty0]
tool_flow.adb:29:11: (style) bad indentation [-gnaty0]
tool_flow.adb:30:08: (style) bad indentation [-gnaty0]
tool_flow.adb:32:08: (style) bad indentation [-gnaty0]
tool_flow.adb:33:11: (style) bad indentation [-gnaty0]
tool_flow.adb:34:08: (style) bad indentation [-gnaty0]
tool_flow.adb:36:08: (style) bad indentation [-gnaty0]
tool_flow.adb:37:11: (style) bad indentation [-gnaty0]
tool_flow.adb:38:08: (style) bad indentation [-gnaty0]
tool_flow.adb:40:08: (style) bad indentation [-gnaty0]
tool_flow.adb:41:05: (style) bad indentation [-gnaty0]
tool_flow.adb:43:05: (style) bad indentation [-gnaty0]
tool_flow.adb:47:08: (style) bad indentation [-gnaty0]
tool_flow.adb:48:32: (style) space required [-gnatyt]
tool_flow.adb:49:05: (style) bad indentation [-gnaty0]
tool_flow.adb:50:08: (style) bad indentation [-gnaty0]
tool_flow.adb:51:08: (style) bad indentation [-gnaty0]
tool_flow.adb:52:08: (style) bad indentation [-gnaty0]
tool_flow.adb:54:08: (style) bad indentation [-gnaty0]
tool_flow.adb:58:05: (style) bad indentation [-gnaty0]
tool_flow.ads:18:05: (style) bad indentation [-gnaty0]
tool_flow.ads:28:42: (style) space required [-gnatyt]
tool_flow.ads:30:56: (style) space required [-gnatyt]
tool_flow.ads:31:56: (style) space required [-gnatyt]
tool_flow.ads:34:05: (style) bad indentation [-gnaty0]
tool_flow.ads:42:25: (style) space required [-gnatyt]
tool_flow.ads:43:80: (style) this line is too long: 115 [-gnatyM]
tool_flow.ads:43:106: (style) space required [-gnatyt]
